=== Pester Test Dispatcher ===
Script Version: 1.0.0
PowerShell Version: 7.5.3

Configuration:
  Tests Path: tests
  Include Integration: false
  Results Path: tests/results
  JSON Summary File: pester-summary.json
  Emit Failures JSON Always: False
  Timeout Minutes: 0
  Timeout Seconds: 0
  Max Test Files: 0

Resolved Paths:
  Script Root: C:\dev\compare-vi-cli-action
  Tests Directory: C:\dev\compare-vi-cli-action\tests
  Results Directory: C:\dev\compare-vi-cli-action\tests\results

Found 50 test file(s) in tests directory
Selected test file list written to: C:\dev\compare-vi-cli-action\tests\results\pester-selected-files.txt
Results directory ready: C:\dev\compare-vi-cli-action\tests\results

Checking for Pester availability...
Pester module found: v5.7.1
Using Pester v5.7.1

Configuring Pester...
  Excluding Integration-tagged tests
  Output Verbosity: Detailed
  Result Format: NUnitXml

Executing Pester tests...
----------------------------------------
